<?xml version="1.0" encoding="UTF-8"?>
<testng-results ignored="0" total="1" passed="1" failed="0" skipped="0">
  <reporter-output>
  </reporter-output>
  <suite started-at="2026-05-29T21:40:13 IST" name="Default suite" finished-at="2026-05-29T21:40:27 IST" duration-ms="14096">
    <groups>
    </groups>
    <test started-at="2026-05-29T21:40:13 IST" name="Default test" finished-at="2026-05-29T21:40:27 IST" duration-ms="14096">
      <class name="com.testing.tests.T3DropDown">
        <test-method signature="dropDownStaticPassengers()[pri:0, instance:com.testing.tests.T3DropDown@4efbca5a]" started-at="2026-05-29T21:40:13 IST" name="dropDownStaticPassengers" finished-at="2026-05-29T21:40:27 IST" duration-ms="14036" status="PASS">
          <reporter-output>
          </reporter-output>
        </test-method> <!-- dropDownStaticPassengers -->
      </class> <!-- com.testing.tests.T3DropDown -->
    </test> <!-- Default test -->
  </suite> <!-- Default suite -->
</testng-results>
